<?xml version="1.0" encoding="UTF-8"?>
<testsuites>
  <testsuite name="fastlane.lanes">
    
    
    
      
      <testcase classname="fastlane.lanes" name="0: default_platform" time="0.000197">
        
      </testcase>
    
      
      <testcase classname="fastlane.lanes" name="1: google_play_track_version_codes" time="1.292143">
        
      </testcase>
    
      
      <testcase classname="fastlane.lanes" name="2: flutter build appbundle --build-number=3" time="24.684773">
        
          <failure message="/Users/blecat/.rvm/gems/ruby-3.0.6/gems/fastlane-2.214.0/fastlane/lib/fastlane/actions/actions_helper.rb:67:in `execute_action&apos;&#10;/Users/blecat/.rvm/gems/ruby-3.0.6/gems/fastlane-2.214.0/fastlane/lib/fastlane/fast_file.rb:222:in `sh&apos;&#10;/Users/blecat/.rvm/gems/ruby-3.0.6/gems/fastlane-2.214.0/fastlane/lib/fastlane/fast_file.rb:216:in `sh&apos;&#10;Fastfile:30:in `block (2 levels) in parsing_binding&apos;&#10;/Users/blecat/.rvm/gems/ruby-3.0.6/gems/fastlane-2.214.0/fastlane/lib/fastlane/lane.rb:33:in `call&apos;&#10;/Users/blecat/.rvm/gems/ruby-3.0.6/gems/fastlane-2.214.0/fastlane/lib/fastlane/runner.rb:49:in `block in execute&apos;&#10;/Users/blecat/.rvm/gems/ruby-3.0.6/gems/fastlane-2.214.0/fastlane/lib/fastlane/runner.rb:45:in `chdir&apos;&#10;/Users/blecat/.rvm/gems/ruby-3.0.6/gems/fastlane-2.214.0/fastlane/lib/fastlane/runner.rb:45:in `execute&apos;&#10;/Users/blecat/.rvm/gems/ruby-3.0.6/gems/fastlane-2.214.0/fastlane/lib/fastlane/lane_manager.rb:47:in `cruise_lane&apos;&#10;/Users/blecat/.rvm/gems/ruby-3.0.6/gems/fastlane-2.214.0/fastlane/lib/fastlane/command_line_handler.rb:36:in `handle&apos;&#10;/Users/blecat/.rvm/gems/ruby-3.0.6/gems/fastlane-2.214.0/fastlane/lib/fastlane/commands_generator.rb:110:in `block (2 levels) in run&apos;&#10;/Users/blecat/.rvm/gems/ruby-3.0.6/gems/commander-4.6.0/lib/commander/command.rb:187:in `call&apos;&#10;/Users/blecat/.rvm/gems/ruby-3.0.6/gems/commander-4.6.0/lib/commander/command.rb:157:in `run&apos;&#10;/Users/blecat/.rvm/gems/ruby-3.0.6/gems/commander-4.6.0/lib/commander/runner.rb:444:in `run_active_command&apos;&#10;/Users/blecat/.rvm/gems/ruby-3.0.6/gems/fastlane-2.214.0/fastlane_core/lib/fastlane_core/ui/fastlane_runner.rb:124:in `run!&apos;&#10;/Users/blecat/.rvm/gems/ruby-3.0.6/gems/commander-4.6.0/lib/commander/delegates.rb:18:in `run!&apos;&#10;/Users/blecat/.rvm/gems/ruby-3.0.6/gems/fastlane-2.214.0/fastlane/lib/fastlane/commands_generator.rb:354:in `run&apos;&#10;/Users/blecat/.rvm/gems/ruby-3.0.6/gems/fastlane-2.214.0/fastlane/lib/fastlane/commands_generator.rb:43:in `start&apos;&#10;/Users/blecat/.rvm/gems/ruby-3.0.6/gems/fastlane-2.214.0/fastlane/lib/fastlane/cli_tools_distributor.rb:123:in `take_off&apos;&#10;/Users/blecat/.rvm/gems/ruby-3.0.6/gems/fastlane-2.214.0/bin/fastlane:23:in `&lt;top (required)&gt;&apos;&#10;/Users/blecat/.rvm/gems/ruby-3.0.6/bin/fastlane:25:in `load&apos;&#10;/Users/blecat/.rvm/gems/ruby-3.0.6/bin/fastlane:25:in `&lt;main&gt;&apos;&#10;/Users/blecat/.rvm/gems/ruby-3.0.6/bin/ruby_executable_hooks:22:in `eval&apos;&#10;/Users/blecat/.rvm/gems/ruby-3.0.6/bin/ruby_executable_hooks:22:in `&lt;main&gt;&apos;&#10;&#10;Exit status of command &apos;flutter build appbundle --build-number=3&apos; was 1 instead of 0.&#10;Changing current working directory to: /Users/blecat/Documents/dev/perso/weather_assistant&#10;&#10;Running Gradle task &apos;bundleRelease&apos;...                          &#10;Expected to find fonts for (packages/cupertino_icons/CupertinoIcons, MaterialIcons), but found (MaterialIcons). This usually means you are referring to font families in an IconData class but not including them in the assets section of your pubspec.yaml, are missing the package that would include them, or are missing &quot;uses-material-design: true&quot;.&#10;Font asset &quot;MaterialIcons-Regular.otf&quot; was tree-shaken, reducing it from 1645184 to 2592 bytes (99.8% reduction). Tree-shaking can be disabled by providing the --no-tree-shake-icons flag when building your app.&#10;&#10;FAILURE: Build failed with an exception.&#10;&#10;* What went wrong:&#10;Execution failed for task &apos;:app:mergeReleaseResources&apos;.&#10;&gt; java.lang.IllegalArgumentException: Unable to locate resourceFile (/Users/blecat/Documents/dev/perso/weather_assistant/build/app/intermediates/merged-not-compiled-resources/release/layout/notification_template_custom_big.xml) in source-sets.&#10;&#10;* Try:&#10;&gt; Run with --stacktrace option to get the stack trace.&#10;&gt; Run with --info or --debug option to get more log output.&#10;&gt; Run with --scan to get full insights.&#10;&#10;* Get more help at https://help.gradle.org&#10;&#10;BUILD FAILED in 23s&#10;Running Gradle task &apos;bundleRelease&apos;...                             24.0s&#10;Gradle task bundleRelease failed with exit code 1&#10;" />
        
      </testcase>
    
  </testsuite>
</testsuites>
